  Circle.cpp
  Line.cpp
E:\desktop\yjs\my_2d_voronoi\newest_Voronoi-2d\Line\Line.cpp(128,9): warning C4804: “<”: 在操作中使用类型“bool”不安全
E:\desktop\yjs\my_2d_voronoi\newest_Voronoi-2d\Line\Line.cpp(128,34): warning C4804: “<”: 在操作中使用类型“bool”不安全
  Point.cpp
E:\desktop\yjs\my_2d_voronoi\newest_Voronoi-2d\Point\Point.cpp(101,12): warning C4244: “参数”: 从“time_t”转换到“unsigned int”，可能丢失数据
E:\desktop\yjs\my_2d_voronoi\newest_Voronoi-2d\Point\Point.cpp(104,17): warning C4244: “初始化”: 从“double”转换到“float”，可能丢失数据
E:\desktop\yjs\my_2d_voronoi\newest_Voronoi-2d\Point\Point.cpp(105,17): warning C4244: “初始化”: 从“double”转换到“float”，可能丢失数据
  Tri.cpp
E:\desktop\yjs\my_2d_voronoi\newest_Voronoi-2d\Tri\Tri.cpp(225,11): warning C4804: “<”: 在操作中使用类型“bool”不安全
E:\desktop\yjs\my_2d_voronoi\newest_Voronoi-2d\Tri\Tri.cpp(225,69): warning C4804: “<”: 在操作中使用类型“bool”不安全
E:\desktop\yjs\my_2d_voronoi\newest_Voronoi-2d\Tri\Tri.cpp(244,11): warning C4804: “<”: 在操作中使用类型“bool”不安全
E:\desktop\yjs\my_2d_voronoi\newest_Voronoi-2d\Tri\Tri.cpp(244,69): warning C4804: “<”: 在操作中使用类型“bool”不安全
E:\desktop\yjs\my_2d_voronoi\newest_Voronoi-2d\Tri\Tri.cpp(262,11): warning C4804: “<”: 在操作中使用类型“bool”不安全
E:\desktop\yjs\my_2d_voronoi\newest_Voronoi-2d\Tri\Tri.cpp(262,69): warning C4804: “<”: 在操作中使用类型“bool”不安全
  main.cpp
E:\desktop\yjs\my_2d_voronoi\newest_Voronoi-2d\main.cpp(349,33): warning C4305: “参数”: 从“double”到“GLfloat”截断
E:\desktop\yjs\my_2d_voronoi\newest_Voronoi-2d\main.cpp(349,25): warning C4305: “参数”: 从“double”到“GLfloat”截断
E:\desktop\yjs\my_2d_voronoi\newest_Voronoi-2d\main.cpp(349,17): warning C4305: “参数”: 从“double”到“GLfloat”截断
E:\desktop\yjs\my_2d_voronoi\newest_Voronoi-2d\main.cpp(358,48): warning C4267: “参数”: 从“size_t”转换到“GLsizei”，可能丢失数据
E:\desktop\yjs\my_2d_voronoi\newest_Voronoi-2d\main.cpp(364,41): warning C4267: “参数”: 从“size_t”转换到“GLsizei”，可能丢失数据
  正在生成代码
  0 of 1013 functions ( 0.0%) were compiled, the rest were copied from previous compilation.
    0 functions were new in current compilation
    0 functions had inline decision re-evaluated but remain unchanged
  已完成代码的生成
  newest_Voronoi-2d.vcxproj -> E:\desktop\yjs\my_2d_voronoi\newest_Voronoi-2d\x64\Release\newest_Voronoi-2d.exe
